<?xml version="1.0" encoding="UTF-8"?>
<!-- Generated by org.testng.reporters.JUnitXMLReporter -->
<testsuite ignored="0" hostname="LAPTOP-EILEJI2A" failures="4" tests="4" name="bankingAppTest(failed)" time="27.249" errors="0" timestamp="2023-04-10T18:46:20 IST">
  <testcase classname="com.banking.testCases.TC_loginDataDrivenTest_002" name="loginDDTest" time="2.88">
    <failure type="java.lang.AssertionError" message="expected [true] but found [false]">
      <![CDATA[java.lang.AssertionError: expected [true] but found [false]
at com.banking.testCases.TC_loginDataDrivenTest_002.loginDDTest(TC_loginDataDrivenTest_002.java:29)
at java.base/java.util.ArrayList.forEach(ArrayList.java:1511)
... Removed 29 stack frames]]>
    </failure>
  </testcase> <!-- loginDDTest -->
  <testcase classname="com.banking.testCases.TC_loginDataDrivenTest_002" name="loginDDTest" time="2.415">
    <failure type="java.lang.AssertionError" message="expected [true] but found [false]">
      <![CDATA[java.lang.AssertionError: expected [true] but found [false]
at com.banking.testCases.TC_loginDataDrivenTest_002.loginDDTest(TC_loginDataDrivenTest_002.java:29)
at java.base/java.util.ArrayList.forEach(ArrayList.java:1511)
... Removed 29 stack frames]]>
    </failure>
  </testcase> <!-- loginDDTest -->
  <testcase classname="com.banking.testCases.TC_loginDataDrivenTest_002" name="loginDDTest" time="1.835">
    <failure type="java.lang.AssertionError" message="expected [true] but found [false]">
      <![CDATA[java.lang.AssertionError: expected [true] but found [false]
at com.banking.testCases.TC_loginDataDrivenTest_002.loginDDTest(TC_loginDataDrivenTest_002.java:29)
at java.base/java.util.ArrayList.forEach(ArrayList.java:1511)
... Removed 29 stack frames]]>
    </failure>
  </testcase> <!-- loginDDTest -->
  <testcase classname="com.banking.testCases.TC_loginTest_001" name="loginTest" time="4.571">
    <failure type="java.lang.AssertionError" message="expected [true] but found [false]">
      <![CDATA[java.lang.AssertionError: expected [true] but found [false]
at com.banking.testCases.TC_loginTest_001.loginTest(TC_loginTest_001.java:27)
at java.base/java.util.ArrayList.forEach(ArrayList.java:1511)
... Removed 29 stack frames]]>
    </failure>
  </testcase> <!-- loginTest -->
</testsuite> <!-- bankingAppTest(failed) -->
